[debug] [2023-10-15T13:37:27.418Z] ----------------------------------------------------------------------
[debug] [2023-10-15T13:37:27.421Z] Command:       C:\Program Files\nodejs\node.exe C:\Users\crist\AppData\Roaming\npm\node_modules\firebase-tools\lib\bin\firebase.js deploy --only hosting:fofocando --project 7e973
[debug] [2023-10-15T13:37:27.421Z] CLI Version:   12.7.0
[debug] [2023-10-15T13:37:27.421Z] Platform:      win32
[debug] [2023-10-15T13:37:27.422Z] Node Version:  v18.17.1
[debug] [2023-10-15T13:37:27.423Z] Time:          Sun Oct 15 2023 10:37:27 GMT-0300 (Horário Padrão de Brasília)
[debug] [2023-10-15T13:37:27.423Z] ----------------------------------------------------------------------
[debug] 
[debug] [2023-10-15T13:37:27.529Z] > command requires scopes: ["email","openid","https://www.googleapis.com/auth/cloudplatformprojects.readonly","https://www.googleapis.com/auth/firebase","https://www.googleapis.com/auth/cloud-platform"]
[debug] [2023-10-15T13:37:27.530Z] > authorizing via signed-in user (kemeker@gmail.com)
[debug] [2023-10-15T13:37:27.530Z] [iam] checking project 7e973 for permissions ["firebase.projects.get","firebasehosting.sites.update"]
[debug] [2023-10-15T13:37:27.533Z] >>> [apiv2][query] POST https://cloudresourcemanager.googleapis.com/v1/projects/7e973:testIamPermissions [none]
[debug] [2023-10-15T13:37:27.534Z] >>> [apiv2][(partial)header] POST https://cloudresourcemanager.googleapis.com/v1/projects/7e973:testIamPermissions x-goog-quota-user=projects/7e973
[debug] [2023-10-15T13:37:27.534Z] >>> [apiv2][body] POST https://cloudresourcemanager.googleapis.com/v1/projects/7e973:testIamPermissions {"permissions":["firebase.projects.get","firebasehosting.sites.update"]}
[debug] [2023-10-15T13:37:28.616Z] <<< [apiv2][status] POST https://cloudresourcemanager.googleapis.com/v1/projects/7e973:testIamPermissions 200
[debug] [2023-10-15T13:37:28.617Z] <<< [apiv2][body] POST https://cloudresourcemanager.googleapis.com/v1/projects/7e973:testIamPermissions {}
[debug] [2023-10-15T13:37:28.617Z] [iam] error while checking permissions, command may fail: FirebaseError: Authorization failed. This account is missing the following required permissions on project 7e973:

  firebase.projects.get
  firebasehosting.sites.update
[debug] [2023-10-15T13:37:28.618Z] >>> [apiv2][query] GET https://firebase.googleapis.com/v1beta1/projects/7e973 [none]
[debug] [2023-10-15T13:37:29.061Z] <<< [apiv2][status] GET https://firebase.googleapis.com/v1beta1/projects/7e973 403
[debug] [2023-10-15T13:37:29.061Z] <<< [apiv2][body] GET https://firebase.googleapis.com/v1beta1/projects/7e973 {"error":{"code":403,"message":"The caller does not have permission","status":"PERMISSION_DENIED"}}
[debug] [2023-10-15T13:37:29.062Z] HTTP Error: 403, The caller does not have permission
[debug] [2023-10-15T13:37:29.244Z] FirebaseError: HTTP Error: 403, The caller does not have permission
    at responseToError (C:\Users\crist\AppData\Roaming\npm\node_modules\firebase-tools\lib\responseToError.js:49:12)
    at RetryOperation._fn (C:\Users\crist\AppData\Roaming\npm\node_modules\firebase-tools\lib\apiv2.js:285:77)
    at process.processTicksAndRejections (node:internal/process/task_queues:95:5)
[error] 
[error] Error: Failed to get Firebase project 7e973. Please make sure the project exists and your account has permission to access it.
